SF:lib\profile\editprofile.dart
DA:15,1
DA:17,0
DA:18,0
DA:33,0
DA:46,0
DA:49,0
DA:50,0
DA:53,0
DA:58,0
DA:59,0
DA:68,0
DA:70,0
DA:71,0
DA:73,0
DA:74,0
DA:76,0
DA:77,0
DA:78,0
DA:79,0
DA:84,0
DA:85,0
DA:94,0
DA:96,0
DA:97,0
DA:99,0
DA:100,0
DA:102,0
DA:103,0
DA:104,0
DA:105,0
DA:110,0
DA:111,0
DA:112,0
DA:115,0
DA:116,0
DA:120,0
DA:121,0
DA:125,0
DA:128,0
DA:129,0
DA:130,0
DA:132,0
DA:133,0
DA:134,0
DA:135,0
DA:136,0
DA:139,0
DA:140,0
DA:141,0
DA:142,0
DA:143,0
DA:145,0
DA:146,0
DA:147,0
DA:149,0
DA:150,0
DA:151,0
DA:152,0
DA:158,1
DA:160,2
DA:161,0
DA:163,1
DA:164,1
DA:165,1
DA:169,1
DA:170,1
DA:171,1
DA:172,1
DA:173,1
DA:174,1
DA:175,1
DA:176,1
DA:177,1
DA:178,2
DA:179,0
DA:180,0
DA:185,1
DA:191,1
DA:194,1
DA:195,1
DA:196,1
DA:198,1
DA:200,1
DA:202,1
DA:203,1
DA:204,1
DA:209,1
DA:211,1
DA:212,1
DA:217,1
DA:225,1
DA:226,1
DA:227,1
DA:228,1
DA:229,1
DA:231,1
DA:233,1
DA:241,2
DA:242,2
DA:243,2
DA:244,1
DA:245,1
DA:247,1
DA:249,1
DA:250,0
DA:251,0
DA:252,0
DA:253,0
DA:254,0
DA:255,0
DA:257,0
DA:258,0
DA:259,0
DA:263,1
DA:264,1
DA:265,1
DA:266,1
DA:267,1
DA:271,1
DA:273,1
DA:280,1
DA:297,1
DA:299,1
DA:301,1
DA:302,1
DA:303,1
DA:306,1
DA:308,1
DA:309,1
DA:310,2
DA:311,1
DA:312,1
DA:313,0
DA:314,1
DA:318,1
DA:319,1
DA:320,1
DA:325,1
DA:326,1
DA:327,1
DA:333,2
DA:334,0
DA:335,2
DA:336,0
DA:337,2
DA:338,0
DA:347,0
DA:348,0
DA:356,0
DA:357,0
DA:361,0
DA:362,0
DA:371,0
DA:372,0
DA:376,0
DA:377,0
LF:156
LH:73
end_of_record
SF:lib\authentication\authentication_backend.dart
DA:10,0
DA:14,0
DA:18,0
DA:22,0
DA:23,0
DA:29,0
DA:33,0
DA:36,0
DA:39,0
DA:42,0
DA:50,0
DA:52,0
DA:53,0
DA:54,0
DA:55,0
DA:58,0
DA:60,0
DA:62,0
DA:65,0
DA:66,0
DA:73,0
DA:75,0
LF:22
LH:0
end_of_record
SF:lib\authentication\initial.dart
DA:9,0
DA:10,0
DA:11,0
DA:17,0
DA:19,0
DA:20,0
DA:22,0
DA:23,0
DA:24,0
DA:25,0
DA:26,0
DA:27,0
DA:38,0
DA:39,0
DA:40,0
DA:41,0
DA:42,0
DA:44,0
DA:46,0
DA:54,0
DA:55,0
DA:56,0
DA:57,0
DA:58,0
DA:68,0
DA:75,0
DA:77,0
DA:78,0
DA:80,0
DA:82,0
DA:83,0
DA:84,0
DA:85,0
DA:86,0
DA:87,0
DA:88,0
DA:93,0
DA:94,0
DA:95,0
DA:96,0
DA:97,0
DA:115,0
DA:119,0
DA:121,0
DA:122,0
DA:124,0
DA:126,0
DA:127,0
DA:128,0
DA:129,0
DA:130,0
DA:131,0
DA:137,0
DA:138,0
DA:139,0
DA:140,0
DA:141,0
DA:145,0
DA:147,0
LF:59
LH:0
end_of_record
SF:lib\authentication\signUp.dart
DA:13,0
DA:14,0
DA:32,0
DA:33,0
DA:34,0
DA:35,0
DA:36,0
DA:40,0
DA:41,0
DA:42,0
DA:43,0
DA:44,0
DA:47,0
DA:49,0
DA:50,0
DA:51,0
DA:53,0
DA:62,0
DA:63,0
DA:64,0
DA:71,0
DA:72,0
DA:73,0
DA:74,0
DA:75,0
DA:76,0
DA:77,0
DA:82,0
DA:83,0
DA:84,0
DA:85,0
DA:86,0
DA:88,0
DA:89,0
DA:90,0
DA:91,0
DA:93,0
DA:95,0
DA:96,0
DA:97,0
DA:98,0
DA:99,0
DA:101,0
DA:103,0
DA:104,0
DA:111,0
DA:112,0
DA:114,0
DA:116,0
DA:117,0
DA:119,0
DA:121,0
DA:122,0
DA:124,0
DA:126,0
DA:127,0
DA:129,0
DA:131,0
DA:132,0
DA:134,0
DA:136,0
DA:137,0
DA:138,0
DA:139,0
DA:140,0
DA:141,0
DA:142,0
DA:143,0
DA:144,0
DA:145,0
DA:146,0
DA:147,0
DA:148,0
DA:149,0
DA:153,0
DA:155,0
DA:156,0
DA:162,0
DA:163,0
DA:164,0
DA:165,0
DA:166,0
DA:167,0
DA:168,0
DA:169,0
DA:170,0
DA:172,0
DA:173,0
DA:174,0
DA:175,0
DA:176,0
DA:178,0
DA:181,0
DA:183,0
DA:184,0
DA:212,0
DA:220,0
DA:221,0
DA:229,0
DA:231,0
DA:232,0
DA:233,0
DA:235,0
DA:236,0
DA:237,0
DA:240,0
DA:241,0
DA:242,0
DA:243,0
DA:244,0
DA:245,0
DA:246,0
DA:247,0
DA:248,0
DA:251,0
DA:257,0
DA:258,0
DA:259,0
DA:260,0
DA:266,0
DA:267,0
DA:268,0
DA:275,0
DA:276,0
DA:283,0
DA:284,0
DA:292,0
DA:293,0
DA:297,0
DA:298,0
DA:307,0
DA:308,0
DA:312,0
DA:313,0
DA:321,0
DA:322,0
DA:325,0
DA:328,0
DA:331,0
DA:334,0
LF:140
LH:0
end_of_record
SF:lib\authentication\login.dart
DA:16,0
DA:17,0
DA:31,0
DA:33,0
DA:34,0
DA:35,0
DA:36,0
DA:37,0
DA:38,0
DA:43,0
DA:44,0
DA:45,0
DA:46,0
DA:47,0
DA:50,0
DA:51,0
DA:52,0
DA:53,0
DA:55,0
DA:57,0
DA:58,0
DA:59,0
DA:60,0
DA:61,0
DA:63,0
DA:65,0
DA:66,0
DA:73,0
DA:74,0
DA:76,0
DA:79,0
DA:80,0
DA:83,0
DA:84,0
DA:85,0
DA:86,0
DA:87,0
DA:88,0
DA:89,0
DA:90,0
DA:91,0
DA:92,0
DA:93,0
DA:94,0
DA:96,0
DA:97,0
DA:98,0
DA:99,0
DA:101,0
DA:110,0
DA:113,0
DA:114,0
DA:115,0
DA:116,0
DA:117,0
DA:121,0
DA:123,0
DA:124,0
DA:130,0
DA:132,0
DA:133,0
DA:134,0
DA:135,0
DA:136,0
DA:137,0
DA:138,0
DA:139,0
DA:141,0
DA:142,0
DA:143,0
DA:144,0
DA:145,0
DA:147,0
DA:150,0
DA:152,0
DA:153,0
DA:179,0
DA:186,0
DA:187,0
DA:193,0
DA:195,0
DA:196,0
DA:197,0
DA:199,0
DA:200,0
DA:201,0
DA:202,0
DA:203,0
DA:205,0
DA:206,0
DA:209,0
DA:210,0
DA:211,0
DA:212,0
DA:218,0
DA:219,0
DA:220,0
DA:228,0
DA:229,0
DA:230,0
DA:231,0
DA:232,0
DA:233,0
DA:234,0
DA:237,0
DA:238,0
DA:239,0
DA:240,0
DA:246,0
DA:247,0
DA:248,0
DA:254,0
DA:255,0
DA:258,0
DA:259,0
DA:260,0
LF:116
LH:0
end_of_record
SF:lib\posts\timeline.dart
DA:20,0
DA:24,0
DA:25,0
DA:37,0
DA:39,0
DA:40,0
DA:46,0
DA:47,0
DA:48,0
DA:49,0
DA:50,0
DA:51,0
DA:52,0
DA:56,0
DA:58,0
DA:59,0
DA:68,0
DA:69,0
DA:70,0
DA:74,0
DA:75,0
DA:80,0
DA:81,0
DA:82,0
DA:87,0
DA:98,0
DA:100,0
DA:102,0
DA:104,0
DA:105,0
DA:106,0
DA:108,0
DA:109,0
DA:110,0
DA:124,0
DA:126,0
DA:127,0
DA:128,0
DA:138,0
DA:139,0
DA:141,0
DA:146,0
DA:147,0
DA:157,0
DA:161,0
DA:163,0
DA:167,0
DA:174,0
DA:176,0
DA:177,0
DA:184,0
DA:186,0
DA:187,0
DA:190,0
DA:192,0
DA:193,0
DA:194,0
DA:195,0
DA:196,0
DA:200,0
DA:202,0
DA:212,0
DA:214,0
DA:215,0
DA:222,0
DA:224,0
DA:225,0
DA:228,0
DA:229,0
DA:230,0
DA:231,0
DA:232,0
DA:233,0
DA:237,0
DA:239,0
DA:248,0
DA:251,0
DA:252,0
DA:253,0
DA:254,0
DA:258,0
DA:259,0
DA:260,0
DA:261,0
DA:262,0
DA:263,0
DA:272,0
DA:273,0
DA:277,0
DA:281,0
DA:282,0
DA:283,0
DA:284,0
DA:285,0
DA:286,0
DA:288,0
DA:289,0
DA:290,0
DA:291,0
DA:292,0
DA:293,0
DA:294,0
DA:296,0
DA:297,0
DA:306,0
DA:319,0
DA:320,0
DA:322,0
DA:323,0
DA:324,0
DA:327,0
DA:328,0
DA:335,0
DA:336,0
DA:337,0
DA:338,0
DA:342,0
DA:346,0
DA:347,0
DA:348,0
DA:349,0
DA:351,0
DA:353,0
DA:371,0
DA:373,0
DA:375,0
DA:376,0
DA:377,0
DA:380,0
DA:382,0
DA:383,0
DA:386,0
DA:388,0
DA:389,0
DA:393,0
DA:397,0
DA:398,0
DA:401,0
DA:402,0
DA:405,0
DA:406,0
DA:408,0
DA:409,0
DA:416,0
DA:417,0
DA:418,0
DA:419,0
DA:422,0
DA:423,0
DA:424,0
DA:425,0
DA:426,0
DA:427,0
DA:428,0
DA:436,0
DA:437,0
DA:439,0
DA:440,0
DA:442,0
DA:445,0
DA:449,0
DA:450,0
DA:451,0
DA:457,0
DA:458,0
DA:459,0
DA:466,0
DA:467,0
DA:468,0
DA:479,0
DA:481,0
DA:482,0
DA:483,0
DA:484,0
DA:485,0
DA:486,0
DA:492,0
DA:494,0
DA:496,0
DA:498,0
DA:499,0
DA:501,0
DA:502,0
DA:503,0
DA:504,0
LF:185
LH:0
end_of_record
SF:lib\terms&guidelines\termsBackEnd.dart
DA:10,0
DA:11,0
DA:14,0
DA:15,0
DA:18,0
DA:24,0
DA:27,0
LF:7
LH:0
end_of_record
SF:lib\terms&guidelines\privacyAcceptance.dart
DA:6,0
DA:7,0
DA:16,0
DA:18,0
DA:19,0
DA:20,0
DA:21,0
DA:22,0
DA:23,0
DA:29,0
DA:31,0
DA:32,0
DA:35,0
DA:38,0
DA:39,0
DA:40,0
DA:41,0
DA:42,0
DA:43,0
DA:44,0
DA:45,0
DA:46,0
DA:48,0
DA:53,0
DA:64,0
DA:68,0
DA:69,0
DA:71,0
DA:76,0
DA:84,0
DA:88,0
DA:93,0
DA:95,0
DA:97,0
DA:99,0
DA:100,0
DA:103,0
DA:104,0
DA:105,0
DA:106,0
DA:107,0
LF:41
LH:0
end_of_record
SF:lib\posts\create_post_util\date_picker.dart
DA:11,0
DA:13,0
DA:14,0
DA:18,0
DA:19,0
DA:20,0
DA:21,0
DA:22,0
DA:23,0
DA:28,0
DA:29,0
DA:30,0
DA:31,0
DA:33,0
DA:34,0
DA:35,0
DA:36,0
DA:41,0
DA:43,0
DA:45,0
DA:46,0
DA:47,0
DA:49,0
DA:50,0
DA:51,0
DA:53,0
DA:57,0
DA:58,0
LF:28
LH:0
end_of_record
SF:lib\posts\found_post\create_found_post.dart
DA:20,0
DA:22,0
DA:23,0
DA:35,0
DA:36,0
DA:39,0
DA:40,0
DA:41,0
DA:45,0
DA:46,0
DA:67,0
DA:68,0
DA:69,0
DA:73,0
DA:75,0
DA:76,0
DA:77,0
DA:78,0
DA:79,0
DA:80,0
DA:83,0
DA:84,0
DA:86,0
DA:88,0
DA:90,0
DA:91,0
DA:92,0
DA:95,0
DA:96,0
DA:97,0
DA:98,0
DA:100,0
DA:101,0
DA:102,0
DA:103,0
DA:106,0
DA:108,0
DA:109,0
DA:110,0
DA:112,0
DA:115,0
DA:116,0
DA:117,0
DA:119,0
DA:120,0
DA:121,0
DA:122,0
DA:123,0
DA:124,0
DA:125,0
DA:127,0
DA:128,0
DA:129,0
DA:131,0
DA:132,0
DA:133,0
DA:134,0
DA:135,0
DA:136,0
DA:137,0
DA:138,0
DA:145,0
DA:147,0
DA:149,0
DA:162,0
DA:163,0
DA:165,0
DA:166,0
DA:167,0
DA:170,0
DA:171,0
DA:172,0
DA:173,0
DA:174,0
DA:177,0
DA:178,0
DA:181,0
DA:182,0
DA:185,0
DA:186,0
DA:189,0
DA:190,0
DA:193,0
DA:194,0
DA:197,0
DA:198,0
DA:199,0
DA:200,0
DA:201,0
DA:202,0
DA:204,0
DA:210,0
DA:213,0
DA:223,0
DA:227,0
DA:228,0
DA:232,0
DA:233,0
DA:235,0
DA:236,0
DA:237,0
DA:240,0
DA:241,0
DA:242,0
DA:243,0
DA:252,0
DA:256,0
DA:257,0
DA:262,0
DA:264,0
DA:266,0
DA:267,0
DA:268,0
DA:271,0
DA:272,0
DA:273,0
DA:274,0
DA:276,0
DA:277,0
DA:278,0
DA:279,0
DA:280,0
DA:281,0
DA:291,0
DA:296,0
DA:297,0
DA:298,0
DA:300,0
DA:303,0
DA:305,0
DA:306,0
DA:307,0
DA:312,0
DA:313,0
DA:314,0
DA:316,0
DA:317,0
DA:318,0
DA:322,0
DA:323,0
DA:324,0
DA:325,0
DA:331,0
DA:332,0
DA:333,0
DA:334,0
LF:146
LH:0
end_of_record
SF:lib\posts\create_post_util\description_field.dart
DA:9,0
DA:14,0
DA:15,0
DA:19,0
DA:21,0
DA:22,0
DA:24,0
DA:25,0
DA:26,0
DA:27,0
DA:28,0
DA:32,0
DA:33,0
DA:35,0
DA:36,0
DA:37,0
DA:38,0
DA:39,0
DA:40,0
DA:41,0
DA:42,0
DA:43,0
DA:45,0
DA:46,0
DA:47,0
DA:49,0
DA:56,0
DA:57,0
DA:58,0
DA:62,0
DA:63,0
DA:64,0
DA:65,0
DA:66,0
DA:67,0
DA:68,0
DA:71,0
DA:73,0
DA:75,0
DA:76,0
LF:40
LH:0
end_of_record
SF:lib\posts\create_post_util\image_selector.dart
DA:10,0
DA:14,0
DA:20,0
DA:21,0
DA:26,0
DA:27,0
DA:29,0
DA:30,0
DA:35,0
DA:37,0
DA:39,0
DA:40,0
DA:41,0
DA:42,0
DA:43,0
DA:44,0
DA:47,0
DA:50,0
DA:52,0
DA:53,0
DA:54,0
DA:56,0
DA:57,0
DA:58,0
DA:62,0
DA:63,0
DA:69,0
DA:70,0
DA:72,0
DA:74,0
DA:76,0
DA:79,0
DA:81,0
DA:83,0
DA:84,0
DA:86,0
DA:87,0
DA:88,0
LF:38
LH:0
end_of_record
SF:lib\util\camera.dart
DA:10,0
DA:12,0
DA:14,0
DA:15,0
DA:22,0
DA:24,0
DA:25,0
DA:28,0
DA:29,0
DA:33,0
DA:34,0
DA:35,0
DA:36,0
DA:38,0
DA:51,0
DA:52,0
DA:55,0
DA:57,0
DA:61,0
DA:63,0
DA:64,0
DA:66,0
DA:67,0
DA:68,0
DA:69,0
DA:70,0
DA:71,0
DA:72,0
DA:75,0
DA:76,0
DA:77,0
DA:78,0
DA:79,0
DA:80,0
LF:34
LH:0
end_of_record
SF:lib\posts\create_post_util\tag_field.dart
DA:10,0
DA:17,0
DA:18,0
DA:26,0
DA:28,0
DA:29,0
DA:30,0
DA:31,0
DA:32,0
DA:33,0
DA:36,0
DA:37,0
DA:43,0
DA:44,0
DA:45,0
DA:48,0
DA:52,0
DA:53,0
DA:54,0
DA:55,0
DA:56,0
DA:59,0
DA:60,0
DA:62,0
DA:64,0
DA:67,0
DA:68,0
DA:69,0
DA:80,0
DA:82,0
DA:83,0
DA:84,0
DA:85,0
DA:89,0
DA:90,0
DA:94,0
DA:101,0
DA:102,0
DA:108,0
LF:39
LH:0
end_of_record
SF:lib\profile\profileBackend.dart
DA:14,0
DA:15,0
DA:16,0
DA:19,0
DA:21,0
DA:22,0
DA:23,0
DA:24,0
DA:27,0
DA:28,0
DA:29,0
DA:30,0
DA:32,0
DA:34,0
DA:35,0
DA:40,0
DA:42,0
DA:43,0
DA:44,0
DA:45,0
DA:48,0
DA:49,0
DA:50,0
DA:51,0
DA:53,0
DA:55,0
DA:56,0
DA:61,0
DA:62,0
DA:65,0
DA:69,0
DA:70,0
DA:75,0
DA:79,0
LF:34
LH:0
end_of_record
SF:lib\util\bottom_button.dart
DA:11,0
DA:18,0
DA:20,0
DA:22,0
DA:23,0
DA:24,0
DA:25,0
DA:26,0
DA:27,0
DA:28,0
DA:29,0
DA:32,0
DA:34,0
DA:38,0
DA:41,0
DA:42,0
DA:46,0
DA:47,0
DA:49,0
DA:50,0
DA:51,0
DA:52,0
DA:53,0
LF:23
LH:0
end_of_record
SF:lib\posts\post_preview_page.dart
DA:26,0
DA:37,0
DA:38,0
DA:39,0
DA:40,0
DA:47,0
DA:48,0
DA:49,0
DA:53,0
DA:54,0
DA:56,0
DA:57,0
DA:58,0
DA:64,0
DA:68,0
DA:71,0
DA:72,0
DA:75,0
DA:77,0
DA:78,0
DA:79,0
DA:80,0
DA:81,0
DA:84,0
DA:87,0
LF:25
LH:0
end_of_record
SF:lib\util\map.dart
DA:15,0
DA:17,0
DA:18,0
DA:26,0
DA:32,0
DA:37,0
DA:40,0
DA:41,0
DA:42,0
DA:43,0
DA:49,0
DA:53,0
DA:55,0
DA:61,0
DA:63,0
DA:64,0
DA:65,0
DA:69,0
DA:70,0
DA:71,0
DA:79,0
DA:81,0
DA:84,0
DA:88,0
DA:92,0
DA:93,0
DA:94,0
DA:96,0
DA:97,0
DA:102,0
DA:104,0
DA:105,0
DA:107,0
DA:108,0
DA:109,0
DA:111,0
DA:114,0
DA:115,0
DA:117,0
DA:120,0
DA:121,0
DA:122,0
DA:123,0
DA:124,0
DA:131,0
DA:134,0
DA:135,0
DA:136,0
DA:137,0
DA:148,0
DA:149,0
DA:151,0
DA:153,0
DA:156,0
DA:157,0
DA:158,0
DA:159,0
DA:160,0
DA:162,0
DA:168,0
DA:170,0
DA:171,0
DA:172,0
LF:63
LH:0
end_of_record
SF:lib\posts\found_post\found_fake_backend.dart
DA:10,0
DA:12,0
DA:15,0
DA:17,0
DA:18,0
DA:19,0
DA:22,0
DA:24,0
DA:25,0
DA:26,0
DA:27,0
DA:29,0
DA:31,0
DA:34,0
DA:36,0
DA:39,0
DA:40,0
DA:43,0
DA:44,0
DA:49,0
DA:51,0
LF:21
LH:0
end_of_record
SF:lib\posts\lost_post\create_lost_post.dart
DA:21,0
DA:23,0
DA:24,0
DA:33,0
DA:34,0
DA:36,0
DA:37,0
DA:38,0
DA:42,0
DA:55,0
DA:57,0
DA:58,0
DA:59,0
DA:60,0
DA:61,0
DA:64,0
DA:65,0
DA:66,0
DA:67,0
DA:68,0
DA:69,0
DA:70,0
DA:71,0
DA:73,0
DA:75,0
DA:76,0
DA:77,0
DA:78,0
DA:79,0
DA:80,0
DA:81,0
DA:82,0
DA:89,0
DA:90,0
DA:92,0
DA:94,0
DA:96,0
DA:99,0
DA:100,0
DA:101,0
DA:102,0
DA:104,0
DA:105,0
DA:106,0
DA:107,0
DA:110,0
DA:111,0
DA:112,0
DA:113,0
DA:114,0
DA:117,0
DA:120,0
DA:122,0
DA:124,0
DA:137,0
DA:138,0
DA:140,0
DA:141,0
DA:142,0
DA:145,0
DA:146,0
DA:147,0
DA:148,0
DA:149,0
DA:152,0
DA:153,0
DA:156,0
DA:157,0
DA:160,0
DA:161,0
DA:164,0
DA:165,0
DA:168,0
DA:169,0
DA:172,0
DA:173,0
DA:174,0
DA:175,0
DA:176,0
DA:177,0
DA:179,0
DA:185,0
DA:188,0
DA:198,0
DA:202,0
DA:203,0
DA:207,0
DA:208,0
DA:210,0
DA:211,0
DA:212,0
DA:215,0
DA:216,0
DA:217,0
DA:218,0
DA:227,0
DA:231,0
DA:232,0
DA:237,0
DA:239,0
DA:241,0
DA:242,0
DA:243,0
DA:246,0
DA:247,0
DA:248,0
DA:249,0
DA:251,0
DA:252,0
DA:253,0
DA:254,0
DA:255,0
DA:256,0
DA:266,0
DA:271,0
DA:272,0
DA:273,0
DA:275,0
DA:278,0
DA:280,0
DA:281,0
DA:282,0
DA:287,0
DA:288,0
DA:289,0
DA:291,0
DA:292,0
DA:293,0
DA:297,0
DA:298,0
DA:299,0
DA:300,0
DA:306,0
DA:307,0
DA:308,0
DA:309,0
LF:136
LH:0
end_of_record
SF:lib\posts\lost_post\lost_backend.dart
DA:11,0
DA:13,0
DA:16,0
DA:18,0
DA:19,0
DA:20,0
DA:23,0
DA:25,0
DA:26,0
DA:27,0
DA:28,0
DA:30,0
DA:32,0
DA:35,0
DA:37,0
DA:40,0
DA:41,0
DA:44,0
DA:45,0
DA:50,0
DA:52,0
LF:21
LH:0
end_of_record
SF:lib\posts\my_post_page.dart
DA:24,0
DA:35,0
DA:37,0
DA:39,0
DA:41,0
DA:45,0
DA:48,0
DA:49,0
DA:50,0
DA:54,0
DA:55,0
DA:56,0
DA:57,0
DA:58,0
DA:61,0
DA:62,0
DA:63,0
DA:65,0
DA:66,0
DA:69,0
DA:70,0
DA:72,0
DA:73,0
DA:75,0
DA:76,0
DA:78,0
DA:79,0
DA:80,0
DA:81,0
DA:83,0
DA:85,0
DA:89,0
DA:90,0
DA:93,0
DA:94,0
DA:95,0
DA:96,0
DA:98,0
DA:99,0
DA:100,0
DA:102,0
DA:104,0
DA:108,0
DA:109,0
DA:113,0
DA:117,0
DA:125,0
DA:128,0
DA:130,0
LF:49
LH:0
end_of_record
SF:lib\posts\post.dart
DA:19,0
DA:28,0
DA:30,0
DA:31,0
DA:40,0
DA:42,0
DA:43,0
DA:44,0
DA:47,0
DA:48,0
DA:49,0
DA:52,0
DA:55,0
DA:56,0
DA:57,0
DA:59,0
DA:60,0
DA:61,0
DA:64,0
DA:70,0
DA:71,0
DA:72,0
DA:74,0
DA:76,0
DA:77,0
DA:78,0
DA:80,0
DA:83,0
DA:88,0
DA:90,0
DA:91,0
DA:102,0
DA:105,0
DA:106,0
DA:109,0
DA:110,0
DA:112,0
DA:113,0
DA:114,0
DA:115,0
DA:117,0
DA:119,0
DA:120,0
DA:121,0
DA:122,0
DA:123,0
DA:124,0
DA:125,0
DA:126,0
DA:127,0
DA:129,0
DA:130,0
DA:134,0
DA:138,0
DA:139,0
DA:140,0
DA:150,0
DA:158,0
DA:159,0
DA:162,0
DA:164,0
DA:166,0
DA:167,0
DA:168,0
DA:170,0
DA:171,0
DA:172,0
DA:180,0
DA:181,0
DA:182,0
DA:183,0
DA:184,0
DA:189,0
DA:192,0
DA:202,0
DA:211,0
DA:213,0
DA:216,0
DA:217,0
DA:218,0
DA:219,0
DA:223,0
DA:224,0
DA:225,0
DA:247,0
DA:252,0
DA:253,0
DA:262,0
DA:266,0
DA:269,0
DA:271,0
DA:272,0
DA:276,0
DA:277,0
DA:281,0
DA:283,0
DA:284,0
DA:285,0
DA:286,0
DA:287,0
DA:289,0
DA:290,0
DA:291,0
DA:293,0
DA:294,0
DA:297,0
DA:298,0
DA:301,0
DA:303,0
DA:306,0
DA:316,0
DA:318,0
DA:320,0
DA:321,0
DA:322,0
DA:323,0
DA:325,0
DA:326,0
DA:329,0
DA:330,0
DA:332,0
DA:333,0
DA:334,0
DA:335,0
DA:336,0
DA:353,0
DA:355,0
DA:357,0
DA:358,0
DA:359,0
DA:360,0
DA:361,0
DA:362,0
DA:367,0
LF:134
LH:0
end_of_record
SF:lib\posts\post_page.dart
DA:21,0
DA:31,0
DA:33,0
DA:35,0
DA:37,0
DA:41,0
DA:44,0
DA:45,0
DA:46,0
DA:50,0
DA:51,0
DA:52,0
DA:53,0
DA:54,0
DA:57,0
DA:58,0
DA:59,0
DA:60,0
LF:18
LH:0
end_of_record
SF:lib\posts\short_post.dart
DA:23,0
DA:28,0
DA:29,0
DA:30,0
DA:34,0
DA:35,0
DA:42,0
DA:45,0
DA:47,0
DA:49,0
DA:52,0
DA:54,0
DA:55,0
DA:58,0
DA:60,0
DA:61,0
DA:62,0
DA:63,0
DA:64,0
DA:65,0
DA:66,0
DA:67,0
DA:68,0
DA:69,0
DA:70,0
DA:71,0
DA:72,0
DA:73,0
DA:74,0
DA:77,0
DA:78,0
DA:79,0
DA:80,0
DA:81,0
DA:82,0
DA:83,0
DA:84,0
DA:85,0
DA:86,0
DA:87,0
DA:91,0
DA:96,0
DA:97,0
DA:99,0
DA:101,0
DA:102,0
DA:103,0
DA:104,0
DA:105,0
DA:106,0
DA:107,0
DA:108,0
DA:110,0
DA:111,0
DA:112,0
DA:113,0
DA:114,0
DA:115,0
DA:121,0
DA:123,0
DA:126,0
DA:129,0
DA:130,0
DA:132,0
DA:134,0
DA:135,0
DA:136,0
DA:138,0
DA:139,0
DA:140,0
LF:70
LH:0
end_of_record
SF:lib\profile\profile.dart
DA:13,0
DA:14,0
DA:23,0
DA:24,0
DA:25,0
DA:28,0
DA:29,0
DA:33,0
DA:34,0
DA:38,0
DA:40,0
DA:41,0
DA:42,0
DA:45,1
DA:47,1
DA:48,1
DA:49,1
DA:51,2
DA:52,2
DA:53,1
DA:54,0
DA:55,1
DA:56,0
DA:58,1
DA:59,1
DA:61,1
DA:62,1
DA:63,1
DA:64,1
DA:65,1
DA:67,1
DA:68,1
DA:69,2
DA:70,0
DA:71,0
DA:76,1
DA:82,1
DA:83,1
DA:84,1
DA:86,1
DA:87,1
DA:88,1
DA:89,1
DA:90,1
DA:91,1
DA:97,1
DA:98,1
DA:99,1
DA:100,1
DA:101,1
DA:102,1
DA:107,1
DA:108,1
DA:109,1
DA:110,1
DA:111,1
DA:112,1
DA:117,1
DA:118,1
DA:119,1
DA:120,1
DA:121,1
DA:123,1
DA:124,1
DA:127,1
DA:128,0
DA:129,0
DA:130,0
DA:131,0
DA:132,0
DA:133,0
DA:134,0
DA:135,0
LF:73
LH:48
end_of_record
